{"contracts/lottery.sol":{"l":{"46":3,"47":3,"48":3,"49":3,"50":3,"51":3,"52":3,"56":5,"57":1,"59":4,"60":1,"62":3,"63":3,"77":1,"78":1,"79":1,"80":1,"81":1,"82":1,"88":1,"89":1,"90":0,"96":1,"97":1,"104":1,"108":0,"109":0,"116":0,"123":0,"124":0,"125":0,"126":0,"127":0,"128":0,"129":0,"130":0,"131":0,"133":0,"137":5,"141":1,"145":0,"149":1,"153":0,"157":0,"161":0,"165":0,"169":5},"path":"/Users/sjmac/Desktop/solidity/js-solidity/hardhat-smart-contract-lottery/contracts/lottery.sol","s":{"1":3,"2":3,"3":3,"4":3,"5":3,"6":3,"7":3,"8":5,"9":4,"10":3,"11":3,"12":1,"13":1,"14":1,"15":1,"16":1,"17":1,"18":1,"19":1,"20":1,"21":1,"22":1,"23":0,"24":0,"25":0,"26":0,"27":0,"28":0,"29":0,"30":0,"31":0,"32":0,"33":0,"34":0,"35":5,"36":1,"37":0,"38":1,"39":0,"40":0,"41":0,"42":0,"43":5},"b":{"1":[1,4],"2":[1,3],"3":[0,1],"4":[0,0]},"f":{"1":3,"2":5,"3":1,"4":1,"5":0,"6":0,"7":5,"8":1,"9":0,"10":1,"11":0,"12":0,"13":0,"14":0,"15":5},"fnMap":{"1":{"name":"constructor","line":45,"loc":{"start":{"line":38,"column":4},"end":{"line":53,"column":4}}},"2":{"name":"enterLottery","line":55,"loc":{"start":{"line":55,"column":4},"end":{"line":64,"column":4}}},"3":{"name":"checkUpkeep","line":66,"loc":{"start":{"line":66,"column":4},"end":{"line":83,"column":4}}},"4":{"name":"performUpkeep","line":85,"loc":{"start":{"line":85,"column":4},"end":{"line":105,"column":4}}},"5":{"name":"requestRandomWinner","line":107,"loc":{"start":{"line":107,"column":4},"end":{"line":117,"column":4}}},"6":{"name":"fulfillRandomWords","line":119,"loc":{"start":{"line":119,"column":4},"end":{"line":134,"column":4}}},"7":{"name":"getEntranceFee","line":136,"loc":{"start":{"line":136,"column":4},"end":{"line":138,"column":4}}},"8":{"name":"getPlayer","line":140,"loc":{"start":{"line":140,"column":4},"end":{"line":142,"column":4}}},"9":{"name":"getRecentWinner","line":144,"loc":{"start":{"line":144,"column":4},"end":{"line":146,"column":4}}},"10":{"name":"getLotteryState","line":148,"loc":{"start":{"line":148,"column":4},"end":{"line":150,"column":4}}},"11":{"name":"getNumWords","line":152,"loc":{"start":{"line":152,"column":4},"end":{"line":154,"column":4}}},"12":{"name":"getNumberOfPlayers","line":156,"loc":{"start":{"line":156,"column":4},"end":{"line":158,"column":4}}},"13":{"name":"getLastTimeStamp","line":160,"loc":{"start":{"line":160,"column":4},"end":{"line":162,"column":4}}},"14":{"name":"getRequestConfirmations","line":164,"loc":{"start":{"line":164,"column":4},"end":{"line":166,"column":4}}},"15":{"name":"getInterval","line":168,"loc":{"start":{"line":168,"column":4},"end":{"line":170,"column":4}}}},"statementMap":{"1":{"start":{"line":46,"column":8},"end":{"line":46,"column":35}},"2":{"start":{"line":47,"column":8},"end":{"line":47,"column":69}},"3":{"start":{"line":48,"column":8},"end":{"line":48,"column":26}},"4":{"start":{"line":49,"column":8},"end":{"line":49,"column":40}},"5":{"start":{"line":50,"column":8},"end":{"line":50,"column":44}},"6":{"start":{"line":51,"column":8},"end":{"line":51,"column":41}},"7":{"start":{"line":52,"column":8},"end":{"line":52,"column":28}},"8":{"start":{"line":56,"column":8},"end":{"line":56,"column":1951}},"9":{"start":{"line":59,"column":8},"end":{"line":59,"column":2053}},"10":{"start":{"line":62,"column":8},"end":{"line":62,"column":42}},"11":{"start":{"line":63,"column":8},"end":{"line":63,"column":58}},"12":{"start":{"line":77,"column":8},"end":{"line":77,"column":57}},"13":{"start":{"line":78,"column":8},"end":{"line":78,"column":76}},"14":{"start":{"line":79,"column":8},"end":{"line":79,"column":46}},"15":{"start":{"line":80,"column":8},"end":{"line":80,"column":51}},"16":{"start":{"line":81,"column":8},"end":{"line":81,"column":72}},"17":{"start":{"line":82,"column":8},"end":{"line":82,"column":36}},"18":{"start":{"line":88,"column":8},"end":{"line":88,"column":47}},"19":{"start":{"line":89,"column":8},"end":{"line":89,"column":2996}},"20":{"start":{"line":96,"column":8},"end":{"line":96,"column":48}},"21":{"start":{"line":97,"column":8},"end":{"line":97,"column":3260}},"22":{"start":{"line":104,"column":8},"end":{"line":104,"column":46}},"23":{"start":{"line":108,"column":8},"end":{"line":108,"column":48}},"24":{"start":{"line":109,"column":8},"end":{"line":109,"column":3630}},"25":{"start":{"line":116,"column":8},"end":{"line":116,"column":46}},"26":{"start":{"line":123,"column":8},"end":{"line":123,"column":65}},"27":{"start":{"line":124,"column":8},"end":{"line":124,"column":63}},"28":{"start":{"line":125,"column":8},"end":{"line":125,"column":36}},"29":{"start":{"line":126,"column":8},"end":{"line":126,"column":43}},"30":{"start":{"line":127,"column":8},"end":{"line":127,"column":78}},"31":{"start":{"line":128,"column":8},"end":{"line":128,"column":40}},"32":{"start":{"line":129,"column":8},"end":{"line":129,"column":41}},"33":{"start":{"line":130,"column":8},"end":{"line":130,"column":4413}},"34":{"start":{"line":133,"column":8},"end":{"line":133,"column":39}},"35":{"start":{"line":137,"column":8},"end":{"line":137,"column":28}},"36":{"start":{"line":141,"column":8},"end":{"line":141,"column":31}},"37":{"start":{"line":145,"column":8},"end":{"line":145,"column":29}},"38":{"start":{"line":149,"column":8},"end":{"line":149,"column":29}},"39":{"start":{"line":153,"column":8},"end":{"line":153,"column":24}},"40":{"start":{"line":157,"column":8},"end":{"line":157,"column":31}},"41":{"start":{"line":161,"column":8},"end":{"line":161,"column":30}},"42":{"start":{"line":165,"column":8},"end":{"line":165,"column":36}},"43":{"start":{"line":169,"column":8},"end":{"line":169,"column":25}}},"branchMap":{"1":{"line":56,"type":"if","locations":[{"start":{"line":56,"column":8},"end":{"line":56,"column":8}},{"start":{"line":56,"column":8},"end":{"line":56,"column":8}}]},"2":{"line":59,"type":"if","locations":[{"start":{"line":59,"column":8},"end":{"line":59,"column":8}},{"start":{"line":59,"column":8},"end":{"line":59,"column":8}}]},"3":{"line":89,"type":"if","locations":[{"start":{"line":89,"column":8},"end":{"line":89,"column":8}},{"start":{"line":89,"column":8},"end":{"line":89,"column":8}}]},"4":{"line":130,"type":"if","locations":[{"start":{"line":130,"column":8},"end":{"line":130,"column":8}},{"start":{"line":130,"column":8},"end":{"line":130,"column":8}}]}}},"contracts/test/VRFCoordinatorV2Mock.sol":{"l":{},"path":"/Users/sjmac/Desktop/solidity/js-solidity/hardhat-smart-contract-lottery/contracts/test/VRFCoordinatorV2Mock.sol","s":{},"b":{},"f":{},"fnMap":{},"statementMap":{},"branchMap":{}}}