TN:
SF:/Users/sjmac/Desktop/solidity/js-solidity/hardhat-smart-contract-lottery/contracts/lottery.sol
FN:45,constructor
FN:55,enterLottery
FN:66,checkUpkeep
FN:85,performUpkeep
FN:107,requestRandomWinner
FN:119,fulfillRandomWords
FN:136,getEntranceFee
FN:140,getPlayer
FN:144,getRecentWinner
FN:148,getLotteryState
FN:152,getNumWords
FN:156,getNumberOfPlayers
FN:160,getLastTimeStamp
FN:164,getRequestConfirmations
FN:168,getInterval
FNF:15
FNH:8
FNDA:3,constructor
FNDA:5,enterLottery
FNDA:1,checkUpkeep
FNDA:1,performUpkeep
FNDA:0,requestRandomWinner
FNDA:0,fulfillRandomWords
FNDA:5,getEntranceFee
FNDA:1,getPlayer
FNDA:0,getRecentWinner
FNDA:1,getLotteryState
FNDA:0,getNumWords
FNDA:0,getNumberOfPlayers
FNDA:0,getLastTimeStamp
FNDA:0,getRequestConfirmations
FNDA:5,getInterval
DA:46,3
DA:47,3
DA:48,3
DA:49,3
DA:50,3
DA:51,3
DA:52,3
DA:56,5
DA:57,1
DA:59,4
DA:60,1
DA:62,3
DA:63,3
DA:77,1
DA:78,1
DA:79,1
DA:80,1
DA:81,1
DA:82,1
DA:88,1
DA:89,1
DA:90,0
DA:96,1
DA:97,1
DA:104,1
DA:108,0
DA:109,0
DA:116,0
DA:123,0
DA:124,0
DA:125,0
DA:126,0
DA:127,0
DA:128,0
DA:129,0
DA:130,0
DA:131,0
DA:133,0
DA:137,5
DA:141,1
DA:145,0
DA:149,1
DA:153,0
DA:157,0
DA:161,0
DA:165,0
DA:169,5
LF:47
LH:28
BRDA:56,1,0,1
BRDA:56,1,1,4
BRDA:59,2,0,1
BRDA:59,2,1,3
BRDA:89,3,0,0
BRDA:89,3,1,1
BRDA:130,4,0,0
BRDA:130,4,1,0
BRF:8
BRH:5
end_of_record
TN:
SF:/Users/sjmac/Desktop/solidity/js-solidity/hardhat-smart-contract-lottery/contracts/test/VRFCoordinatorV2Mock.sol
FNF:0
FNH:0
LF:0
LH:0
BRF:0
BRH:0
end_of_record
